platforms/android/app/build/outputs/logs/manifest-merger-debug-report.txt
-- Merging decision tree log ---
provider#nl.xservices.plugins.FileProvider
INJECTED from src\main\AndroidManifest.xml:17:9-19:20
	android:grantUriPermissions
		ADDED from src\main\AndroidManifest.xml:17:100-134
	android:authorities
		INJECTED from src\main\AndroidManifest.xml
		ADDED from src\main\AndroidManifest.xml:17:19-74
	android:exported
		ADDED from src\main\AndroidManifest.xml:17:75-99
	android:name
		ADDED from src\main\AndroidManifest.xml:17:135-183
meta-data#com.package.name
INJECTED from src\main\AndroidManifest.xml:23:9-87
	android:value
		INJECTED from src\main\AndroidManifest.xml
		ADDED from src\main\AndroidManifest.xml:23:52-84
	android:name
		ADDED from src\main\AndroidManifest.xml:23:20-51
provider#com.applozic.mobicomkit.uiwidgets.ALFileProvider
INJECTED from src\main\AndroidManifest.xml:24:9-26:20
	android:grantUriPermissions
		ADDED from src\main\AndroidManifest.xml:24:92-126
	android:authorities
		INJECTED from src\main\AndroidManifest.xml
		ADDED from src\main\AndroidManifest.xml:24:19-66
	android:exported
		ADDED from src\main\AndroidManifest.xml:24:67-91
	android:name
		ADDED from src\main\AndroidManifest.xml:24:127-190
manifest
ADDED from src\main\AndroidManifest.xml:2:1-109:12
INJECTED from src\main\AndroidManifest.xml:2:1-109:12
INJECTED from src\main\AndroidManifest.xml:2:1-109:12
INJECTED from src\main\AndroidManifest.xml:2:1-109:12
MERGED from [com.applozic.communication.uiwidget:mobicomkitui:5.8.4] AndroidManifest.xml:2:1-11:12
MERGED from [me.leolin:ShortcutBadger:1.1.4] AndroidManifest.xml:2:1-35:12
MERGED from [com.google.firebase:firebase-auth:16.1.0] AndroidManifest.xml:17:1-42:12
MERGED from [com.crashlytics.sdk.android:crashlytics:2.9.1] AndroidManifest.xml:2:1-19:12
MERGED from [com.android.support:multidex:1.0.2] AndroidManifest.xml:17:1-22:12
MERGED from [com.android.support:design:27.1.1] AndroidManifest.xml:17:1-22:12
MERGED from [com.google.android.gms:play-services-tagmanager:16.0.6] AndroidManifest.xml:17:1-22:12
MERGED from [com.google.firebase:firebase-perf:16.2.3] AndroidManifest.xml:17:1-41:12
MERGED from [com.google.android.gms:play-services-maps:15.0.0] AndroidManifest.xml:17:1-32:12
MERGED from [com.google.android.gms:play-services-location:15.0.0] AndroidManifest.xml:2:1-9:12
MERGED from [com.google.android.gms:play-services-analytics-impl:16.0.6] AndroidManifest.xml:17:1-31:12
MERGED from [com.google.firebase:firebase-core:16.0.6] AndroidManifest.xml:2:1-9:12
MERGED from [com.google.android.gms:play-services-tagmanager-api:16.0.6] AndroidManifest.xml:17:1-47:12
MERGED from [com.google.firebase:firebase-measurement-connector-impl:17.0.4] AndroidManifest.xml:17:1-34:12
MERGED from [com.google.firebase:firebase-config:16.1.3] AndroidManifest.xml:17:1-24:12
MERGED from [com.google.firebase:firebase-analytics:16.0.6] AndroidManifest.xml:17:1-55:12
MERGED from [com.google.android.gms:play-services-measurement-api:16.0.4] AndroidManifest.xml:17:1-25:12
MERGED from [com.google.firebase:firebase-abt:16.0.1] AndroidManifest.xml:2:1-7:12
MERGED from [com.google.firebase:firebase-analytics-impl:16.2.4] AndroidManifest.xml:17:1-40:12
MERGED from [com.google.android.gms:play-services-ads-identifier:16.0.0] AndroidManifest.xml:17:1-24:12
MERGED from [com.google.android.gms:play-services-measurement-base:16.0.5] AndroidManifest.xml:2:1-9:12
MERGED from [com.google.firebase:firebase-messaging:17.3.4] AndroidManifest.xml:17:1-37:12
MERGED from [com.google.firebase:firebase-iid:17.0.4] AndroidManifest.xml:17:1-59:12
MERGED from [com.google.android.gms:play-services-stats:16.0.1] AndroidManifest.xml:2:1-9:12
MERGED from [com.google.android.gms:play-services-clearcut:16.0.0] AndroidManifest.xml:17:1-24:12
MERGED from [com.google.android.gms:play-services-phenotype:16.0.0] AndroidManifest.xml:17:1-24:12
MERGED from [com.google.firebase:firebase-auth-interop:16.0.1] AndroidManifest.xml:2:1-10:12
MERGED from [com.google.firebase:firebase-common:16.0.3] AndroidManifest.xml:2:1-17:12
MERGED from [com.google.android.gms:play-services-places-placereport:15.0.1] AndroidManifest.xml:17:1-24:12
MERGED from [com.google.firebase:firebase-measurement-connector:17.0.1] AndroidManifest.xml:17:1-25:12
MERGED from [com.google.android.gms:play-services-flags:16.0.1] AndroidManifest.xml:17:1-22:12
MERGED from [com.google.firebase:firebase-iid-interop:16.0.1] AndroidManifest.xml:2:1-10:12
MERGED from [com.google.android.gms:play-services-base:16.0.1] AndroidManifest.xml:17:1-29:12
MERGED from [com.google.android.gms:play-services-tasks:16.0.1] AndroidManifest.xml:2:1-9:12
MERGED from [com.google.android.gms:play-services-basement:16.1.0] AndroidManifest.xml:17:1-28:12
MERGED from [com.android.support:support-v4:27.1.1] AndroidManifest.xml:17:1-22:12
MERGED from [:CordovaLib] AndroidManifest.xml:20:1-27:12
MERGED from [com.applozic.communication.message:mobicomkit:5.8.4] AndroidManifest.xml:2:1-14:12
MERGED from [com.applozic.mobiframework:mobicommons:5.8.4] AndroidManifest.xml:2:1-15:12
MERGED from [com.theartofdev.edmodo:android-image-cropper:2.7.0] AndroidManifest.xml:2:1-11:12
MERGED from [com.android.support:appcompat-v7:27.1.1] AndroidManifest.xml:17:1-22:12
MERGED from [de.hdodenhof:circleimageview:2.0.0] AndroidManifest.xml:2:1-11:12
MERGED from [com.github.bumptech.glide:glide:4.5.0] AndroidManifest.xml:2:1-13:12
MERGED from [com.android.support:cardview-v7:27.1.1] AndroidManifest.xml:17:1-22:12
MERGED from [com.crashlytics.sdk.android:beta:1.2.7] AndroidManifest.xml:2:1-13:12
MERGED from [com.crashlytics.sdk.android:crashlytics-core:2.6.1] AndroidManifest.xml:45:1-56:12
MERGED from [com.crashlytics.sdk.android:answers:1.4.1] AndroidManifest.xml:2:1-13:12
MERGED from [io.fabric.sdk.android:fabric:1.4.2] AndroidManifest.xml:22:1-33:12
MERGED from [com.android.support:recyclerview-v7:27.1.1] AndroidManifest.xml:17:1-22:12
MERGED from [com.android.support:transition:27.1.1] AndroidManifest.xml:17:1-22:12
MERGED from [com.android.support:animated-vector-drawable:27.1.1] AndroidManifest.xml:17:1-22:12
MERGED from [com.android.support:support-fragment:27.1.1] AndroidManifest.xml:17:1-22:12
MERGED from [com.android.support:support-core-ui:27.1.1] AndroidManifest.xml:17:1-22:12
MERGED from [com.android.support:support-core-utils:27.1.1] AndroidManifest.xml:17:1-22:12
MERGED from [com.android.support:support-vector-drawable:27.1.1] AndroidManifest.xml:17:1-22:12
MERGED from [com.android.support:exifinterface:27.1.1] AndroidManifest.xml:17:1-22:12
MERGED from [com.github.bumptech.glide:gifdecoder:4.5.0] AndroidManifest.xml:2:1-11:12
MERGED from [com.android.support:support-media-compat:27.1.1] AndroidManifest.xml:17:1-22:12
MERGED from [com.android.support:support-compat:27.1.1] AndroidManifest.xml:17:1-22:12
MERGED from [android.arch.lifecycle:runtime:1.1.0] AndroidManifest.xml:17:1-22:12
MERGED from [android.arch.lifecycle:livedata-core:1.1.0] AndroidManifest.xml:17:1-22:12
MERGED from [android.arch.core:runtime:1.1.0] AndroidManifest.xml:17:1-22:12
MERGED from [android.arch.lifecycle:viewmodel:1.1.0] AndroidManifest.xml:17:1-22:12
INJECTED from src\main\AndroidManifest.xml:2:1-109:12
INJECTED from src\main\AndroidManifest.xml:2:1-109:12
INJECTED from src\main\AndroidManifest.xml:2:1-109:12
	package
		ADDED from src\main\AndroidManifest.xml:2:102-129
		INJECTED from src\main\AndroidManifest.xml
		INJECTED from src\main\AndroidManifest.xml
	android:versionName
		ADDED from src\main\AndroidManifest.xml:2:74-101
		INJECTED from src\main\AndroidManifest.xml
		INJECTED from src\main\AndroidManifest.xml
	android:hardwareAccelerated
		ADDED from src\main\AndroidManifest.xml:2:11-45
	xmlns:android
		ADDED from src\main\AndroidManifest.xml:2:130-188
	android:versionCode
		ADDED from src\main\AndroidManifest.xml:2:46-73
		INJECTED from src\main\AndroidManifest.xml
		INJECTED from src\main\AndroidManifest.xml
supports-screens
ADDED from src\main\AndroidManifest.xml:3:5-191
	android:largeScreens
		ADDED from src\main\AndroidManifest.xml:3:49-76
	android:smallScreens
		ADDED from src\main\AndroidManifest.xml:3:132-159
	android:normalScreens
		ADDED from src\main\AndroidManifest.xml:3:77-105
	android:xlargeScreens
		ADDED from src\main\AndroidManifest.xml:3:160-188
	android:resizeable
		ADDED from src\main\AndroidManifest.xml:3:106-131
	android:anyDensity
		ADDED from src\main\AndroidManifest.xml:3:23-48
uses-permission#android.permission.INTERNET
ADDED from src\main\AndroidManifest.xml:4:5-67
MERGED from [com.crashlytics.sdk.android:crashlytics:2.9.1] AndroidManifest.xml:9:5-67
MERGED from [com.crashlytics.sdk.android:crashlytics:2.9.1] AndroidManifest.xml:9:5-67
MERGED from [com.google.firebase:firebase-perf:16.2.3] AndroidManifest.xml:22:5-67
MERGED from [com.google.firebase:firebase-perf:16.2.3] AndroidManifest.xml:22:5-67
MERGED from [com.google.android.gms:play-services-maps:15.0.0] AndroidManifest.xml:24:5-67
MERGED from [com.google.android.gms:play-services-maps:15.0.0] AndroidManifest.xml:24:5-67
MERGED from [com.google.android.gms:play-services-analytics-impl:16.0.6] AndroidManifest.xml:23:5-67
MERGED from [com.google.android.gms:play-services-analytics-impl:16.0.6] AndroidManifest.xml:23:5-67
MERGED from [com.google.android.gms:play-services-tagmanager-api:16.0.6] AndroidManifest.xml:23:5-67
MERGED from [com.google.android.gms:play-services-tagmanager-api:16.0.6] AndroidManifest.xml:23:5-67
MERGED from [com.google.firebase:firebase-measurement-connector-impl:17.0.4] AndroidManifest.xml:22:5-67
MERGED from [com.google.firebase:firebase-measurement-connector-impl:17.0.4] AndroidManifest.xml:22:5-67
MERGED from [com.google.firebase:firebase-analytics:16.0.6] AndroidManifest.xml:23:5-67
MERGED from [com.google.firebase:firebase-analytics:16.0.6] AndroidManifest.xml:23:5-67
MERGED from [com.google.firebase:firebase-analytics-impl:16.2.4] AndroidManifest.xml:23:5-67
MERGED from [com.google.firebase:firebase-analytics-impl:16.2.4] AndroidManifest.xml:23:5-67
MERGED from [com.google.firebase:firebase-iid:17.0.4] AndroidManifest.xml:23:5-67
MERGED from [com.google.firebase:firebase-iid:17.0.4] AndroidManifest.xml:23:5-67
MERGED from [com.crashlytics.sdk.android:beta:1.2.7] AndroidManifest.xml:9:5-67
MERGED from [com.crashlytics.sdk.android:beta:1.2.7] AndroidManifest.xml:9:5-67
MERGED from [com.crashlytics.sdk.android:crashlytics-core:2.6.1] AndroidManifest.xml:52:5-67
MERGED from [com.crashlytics.sdk.android:crashlytics-core:2.6.1] AndroidManifest.xml:52:5-67
MERGED from [com.crashlytics.sdk.android:answers:1.4.1] AndroidManifest.xml:9:5-67
MERGED from [com.crashlytics.sdk.android:answers:1.4.1] AndroidManifest.xml:9:5-67
MERGED from [io.fabric.sdk.android:fabric:1.4.2] AndroidManifest.xml:29:5-67
MERGED from [io.fabric.sdk.android:fabric:1.4.2] AndroidManifest.xml:29:5-67
	android:name
		ADDED from src\main\AndroidManifest.xml:4:22-64
application
ADDED from src\main\AndroidManifest.xml:5:5-94:19
MERGED from [com.google.firebase:firebase-auth:16.1.0] AndroidManifest.xml:23:5-40:19
MERGED from [com.google.firebase:firebase-auth:16.1.0] AndroidManifest.xml:23:5-40:19
MERGED from [com.crashlytics.sdk.android:crashlytics:2.9.1] AndroidManifest.xml:11:5-17:19
MERGED from [com.crashlytics.sdk.android:crashlytics:2.9.1] AndroidManifest.xml:11:5-17:19
MERGED from [com.google.firebase:firebase-perf:16.2.3] AndroidManifest.xml:27:5-39:19
MERGED from [com.google.firebase:firebase-perf:16.2.3] AndroidManifest.xml:27:5-39:19
MERGED from [com.google.android.gms:play-services-maps:15.0.0] AndroidManifest.xml:30:5-20
MERGED from [com.google.android.gms:play-services-maps:15.0.0] AndroidManifest.xml:30:5-20
MERGED from [com.google.android.gms:play-services-location:15.0.0] AndroidManifest.xml:7:5-20
MERGED from [com.google.android.gms:play-services-location:15.0.0] AndroidManifest.xml:7:5-20
MERGED from [com.google.android.gms:play-services-analytics-impl:16.0.6] AndroidManifest.xml:29:5-20
MERGED from [com.google.android.gms:play-services-analytics-impl:16.0.6] AndroidManifest.xml:29:5-20
MERGED from [com.google.firebase:firebase-core:16.0.6] AndroidManifest.xml:7:5-20
MERGED from [com.google.firebase:firebase-core:16.0.6] AndroidManifest.xml:7:5-20
MERGED from [com.google.android.gms:play-services-tagmanager-api:16.0.6] AndroidManifest.xml:26:5-45:19
MERGED from [com.google.android.gms:play-services-tagmanager-api:16.0.6] AndroidManifest.xml:26:5-45:19
MERGED from [com.google.firebase:firebase-measurement-connector-impl:17.0.4] AndroidManifest.xml:26:5-32:19
MERGED from [com.google.firebase:firebase-measurement-connector-impl:17.0.4] AndroidManifest.xml:26:5-32:19
MERGED from [com.google.firebase:firebase-config:16.1.3] AndroidManifest.xml:22:5-20
MERGED from [com.google.firebase:firebase-config:16.1.3] AndroidManifest.xml:22:5-20
MERGED from [com.google.firebase:firebase-analytics:16.0.6] AndroidManifest.xml:28:5-53:19
MERGED from [com.google.firebase:firebase-analytics:16.0.6] AndroidManifest.xml:28:5-53:19
MERGED from [com.google.android.gms:play-services-measurement-api:16.0.4] AndroidManifest.xml:22:5-23:19
MERGED from [com.google.android.gms:play-services-measurement-api:16.0.4] AndroidManifest.xml:22:5-23:19
MERGED from [com.google.firebase:firebase-analytics-impl:16.2.4] AndroidManifest.xml:28:5-38:19
MERGED from [com.google.firebase:firebase-analytics-impl:16.2.4] AndroidManifest.xml:28:5-38:19
MERGED from [com.google.android.gms:play-services-ads-identifier:16.0.0] AndroidManifest.xml:22:5-20
MERGED from [com.google.android.gms:play-services-ads-identifier:16.0.0] AndroidManifest.xml:22:5-20
MERGED from [com.google.android.gms:play-services-measurement-base:16.0.5] AndroidManifest.xml:7:5-20
MERGED from [com.google.android.gms:play-services-measurement-base:16.0.5] AndroidManifest.xml:7:5-20
MERGED from [com.google.firebase:firebase-messaging:17.3.4] AndroidManifest.xml:22:5-35:19
MERGED from [com.google.firebase:firebase-messaging:17.3.4] AndroidManifest.xml:22:5-35:19
MERGED from [com.google.firebase:firebase-iid:17.0.4] AndroidManifest.xml:28:5-57:19
MERGED from [com.google.firebase:firebase-iid:17.0.4] AndroidManifest.xml:28:5-57:19
MERGED from [com.google.android.gms:play-services-stats:16.0.1] AndroidManifest.xml:7:5-20
MERGED from [com.google.android.gms:play-services-stats:16.0.1] AndroidManifest.xml:7:5-20
MERGED from [com.google.android.gms:play-services-clearcut:16.0.0] AndroidManifest.xml:22:5-20
MERGED from [com.google.android.gms:play-services-clearcut:16.0.0] AndroidManifest.xml:22:5-20
MERGED from [com.google.android.gms:play-services-phenotype:16.0.0] AndroidManifest.xml:22:5-20
MERGED from [com.google.android.gms:play-services-phenotype:16.0.0] AndroidManifest.xml:22:5-20
MERGED from [com.google.firebase:firebase-auth-interop:16.0.1] AndroidManifest.xml:7:5-8:19
MERGED from [com.google.firebase:firebase-auth-interop:16.0.1] AndroidManifest.xml:7:5-8:19
MERGED from [com.google.firebase:firebase-common:16.0.3] AndroidManifest.xml:9:5-15:19
MERGED from [com.google.firebase:firebase-common:16.0.3] AndroidManifest.xml:9:5-15:19
MERGED from [com.google.android.gms:play-services-places-placereport:15.0.1] AndroidManifest.xml:22:5-20
MERGED from [com.google.android.gms:play-services-places-placereport:15.0.1] AndroidManifest.xml:22:5-20
MERGED from [com.google.firebase:firebase-measurement-connector:17.0.1] AndroidManifest.xml:22:5-23:19
MERGED from [com.google.firebase:firebase-measurement-connector:17.0.1] AndroidManifest.xml:22:5-23:19
MERGED from [com.google.firebase:firebase-iid-interop:16.0.1] AndroidManifest.xml:7:5-8:19
MERGED from [com.google.firebase:firebase-iid-interop:16.0.1] AndroidManifest.xml:7:5-8:19
MERGED from [com.google.android.gms:play-services-base:16.0.1] AndroidManifest.xml:22:5-27:19
MERGED from [com.google.android.gms:play-services-base:16.0.1] AndroidManifest.xml:22:5-27:19
MERGED from [com.google.android.gms:play-services-tasks:16.0.1] AndroidManifest.xml:7:5-20
MERGED from [com.google.android.gms:play-services-tasks:16.0.1] AndroidManifest.xml:7:5-20
MERGED from [com.google.android.gms:play-services-basement:16.1.0] AndroidManifest.xml:22:5-26:19
MERGED from [com.google.android.gms:play-services-basement:16.1.0] AndroidManifest.xml:22:5-26:19
MERGED from [com.applozic.communication.message:mobicomkit:5.8.4] AndroidManifest.xml:11:5-12:19
MERGED from [com.applozic.communication.message:mobicomkit:5.8.4] AndroidManifest.xml:11:5-12:19
MERGED from [com.applozic.mobiframework:mobicommons:5.8.4] AndroidManifest.xml:12:5-13:19
MERGED from [com.applozic.mobiframework:mobicommons:5.8.4] AndroidManifest.xml:12:5-13:19
MERGED from [de.hdodenhof:circleimageview:2.0.0] AndroidManifest.xml:9:5-20
MERGED from [de.hdodenhof:circleimageview:2.0.0] AndroidManifest.xml:9:5-20
MERGED from [com.github.bumptech.glide:glide:4.5.0] AndroidManifest.xml:11:5-20
MERGED from [com.github.bumptech.glide:glide:4.5.0] AndroidManifest.xml:11:5-20
MERGED from [com.crashlytics.sdk.android:beta:1.2.7] AndroidManifest.xml:11:5-20
MERGED from [com.crashlytics.sdk.android:beta:1.2.7] AndroidManifest.xml:11:5-20
MERGED from [com.crashlytics.sdk.android:crashlytics-core:2.6.1] AndroidManifest.xml:54:5-20
MERGED from [com.crashlytics.sdk.android:crashlytics-core:2.6.1] AndroidManifest.xml:54:5-20
MERGED from [com.crashlytics.sdk.android:answers:1.4.1] AndroidManifest.xml:11:5-20
MERGED from [com.crashlytics.sdk.android:answers:1.4.1] AndroidManifest.xml:11:5-20
MERGED from [io.fabric.sdk.android:fabric:1.4.2] AndroidManifest.xml:31:5-20
MERGED from [io.fabric.sdk.android:fabric:1.4.2] AndroidManifest.xml:31:5-20
MERGED from [com.github.bumptech.glide:gifdecoder:4.5.0] AndroidManifest.xml:9:5-20
MERGED from [com.github.bumptech.glide:gifdecoder:4.5.0] AndroidManifest.xml:9:5-20
	android:supportsRtl
		ADDED from src\main\AndroidManifest.xml:5:174-200
	android:label
		ADDED from src\main\AndroidManifest.xml:5:81-113
	android:hardwareAccelerated
		ADDED from src\main\AndroidManifest.xml:5:18-52
	android:icon
		ADDED from src\main\AndroidManifest.xml:5:53-80
	android:name
		ADDED from src\main\AndroidManifest.xml:5:114-173
activity#com.cdjgroup.word.MainActivity
ADDED from src\main\AndroidManifest.xml:6:9-11:20
	android:label
		ADDED from src\main\AndroidManifest.xml:6:97-134
	android:launchMode
		ADDED from src\main\AndroidManifest.xml:6:135-165
	android:windowSoftInputMode
		ADDED from src\main\AndroidManifest.xml:6:257-299
	android:configChanges
		ADDED from src\main\AndroidManifest.xml:6:19-96
	android:theme
		ADDED from src\main\AndroidManifest.xml:6:194-256
	android:name
		ADDED from src\main\AndroidManifest.xml:6:166-193
intent-filter#android.intent.action.MAIN+android.intent.category.LAUNCHER
ADDED from src\main\AndroidManifest.xml:7:13-10:29
	android:label
		ADDED from src\main\AndroidManifest.xml:7:28-65
action#android.intent.action.MAIN
ADDED from src\main\AndroidManifest.xml:8:17-69
	android:name
		ADDED from src\main\AndroidManifest.xml:8:25-66
category#android.intent.category.LAUNCHER
ADDED from src\main\AndroidManifest.xml:9:17-77
	android:name
		ADDED from src\main\AndroidManifest.xml:9:27-74
receiver#nl.xservices.plugins.ShareChooserPendingIntent
ADDED from src\main\AndroidManifest.xml:12:9-16:20
	android:enabled
		ADDED from src\main\AndroidManifest.xml:12:19-41
	android:name
		ADDED from src\main\AndroidManifest.xml:12:42-103
intent-filter#android.intent.action.SEND
ADDED from src\main\AndroidManifest.xml:13:13-15:29
action#android.intent.action.SEND
ADDED from src\main\AndroidManifest.xml:14:17-69
	android:name
		ADDED from src\main\AndroidManifest.xml:14:25-66
meta-data#main_folder_name
ADDED from src\main\AndroidManifest.xml:20:9-75
	android:value
		ADDED from src\main\AndroidManifest.xml:20:52-72
	android:name
		ADDED from src\main\AndroidManifest.xml:20:20-51
meta-data#com.google.android.geo.API_KEY
ADDED from src\main\AndroidManifest.xml:21:9-124
	android:value
		ADDED from src\main\AndroidManifest.xml:21:66-121
	android:name
		ADDED from src\main\AndroidManifest.xml:21:20-65
meta-data#activity.open.on.notification
ADDED from src\main\AndroidManifest.xml:22:9-160
	android:value
		ADDED from src\main\AndroidManifest.xml:22:65-157
	android:name
		ADDED from src\main\AndroidManifest.xml:22:20-64
activity#com.applozic.mobicomkit.uiwidgets.conversation.activity.ConversationActivity
ADDED from src\main\AndroidManifest.xml:27:9-29:20
	android:parentActivityName
		ADDED from src\main\AndroidManifest.xml:27:270-311
	android:label
		ADDED from src\main\AndroidManifest.xml:27:113-145
	android:launchMode
		ADDED from src\main\AndroidManifest.xml:27:146-177
	android:configChanges
		ADDED from src\main\AndroidManifest.xml:27:19-112
	android:theme
		ADDED from src\main\AndroidManifest.xml:27:312-348
	android:name
		ADDED from src\main\AndroidManifest.xml:27:178-269
meta-data#android.support.PARENT_ACTIVITY
ADDED from src\main\AndroidManifest.xml:28:13-102
	android:value
		ADDED from src\main\AndroidManifest.xml:28:71-99
	android:name
		ADDED from src\main\AndroidManifest.xml:28:24-70
activity#com.applozic.mobicomkit.uiwidgets.people.activity.MobiComKitPeopleActivity
ADDED from src\main\AndroidManifest.xml:30:9-36:20
	android:parentActivityName
		ADDED from src\main\AndroidManifest.xml:30:250-355
	android:label
		ADDED from src\main\AndroidManifest.xml:30:113-159
	android:windowSoftInputMode
		ADDED from src\main\AndroidManifest.xml:30:393-435
	android:configChanges
		ADDED from src\main\AndroidManifest.xml:30:19-112
	android:theme
		ADDED from src\main\AndroidManifest.xml:30:356-392
	android:name
		ADDED from src\main\AndroidManifest.xml:30:160-249
intent-filter#android.intent.action.SEARCH
ADDED from src\main\AndroidManifest.xml:32:13-34:29
action#android.intent.action.SEARCH
ADDED from src\main\AndroidManifest.xml:33:17-71
	android:name
		ADDED from src\main\AndroidManifest.xml:33:25-68
meta-data#android.app.searchable
ADDED from src\main\AndroidManifest.xml:35:13-108
	android:resource
		ADDED from src\main\AndroidManifest.xml:35:62-105
	android:name
		ADDED from src\main\AndroidManifest.xml:35:24-61
activity#com.applozic.mobicomkit.uiwidgets.conversation.activity.FullScreenImageActivity
ADDED from src\main\AndroidManifest.xml:37:9-39:20
	android:parentActivityName
		ADDED from src\main\AndroidManifest.xml:37:198-303
	android:label
		ADDED from src\main\AndroidManifest.xml:37:81-102
	android:configChanges
		ADDED from src\main\AndroidManifest.xml:37:19-80
	android:theme
		ADDED from src\main\AndroidManifest.xml:37:304-352
	android:name
		ADDED from src\main\AndroidManifest.xml:37:103-197
activity#com.applozic.mobicomkit.uiwidgets.conversation.activity.ContactSelectionActivity
ADDED from src\main\AndroidManifest.xml:40:9-42:20
	android:parentActivityName
		ADDED from src\main\AndroidManifest.xml:40:240-345
	android:launchMode
		ADDED from src\main\AndroidManifest.xml:40:113-143
	android:configChanges
		ADDED from src\main\AndroidManifest.xml:40:19-112
	android:theme
		ADDED from src\main\AndroidManifest.xml:40:346-382
	android:name
		ADDED from src\main\AndroidManifest.xml:40:144-239
activity#com.applozic.mobicomkit.uiwidgets.conversation.activity.ChannelCreateActivity
ADDED from src\main\AndroidManifest.xml:43:9-45:20
	android:parentActivityName
		ADDED from src\main\AndroidManifest.xml:43:237-342
	android:launchMode
		ADDED from src\main\AndroidManifest.xml:43:113-143
	android:configChanges
		ADDED from src\main\AndroidManifest.xml:43:19-112
	android:theme
		ADDED from src\main\AndroidManifest.xml:43:343-379
	android:name
		ADDED from src\main\AndroidManifest.xml:43:144-236
activity#com.applozic.mobicomkit.uiwidgets.conversation.activity.ChannelNameActivity
ADDED from src\main\AndroidManifest.xml:46:9-380
	android:parentActivityName
		ADDED from src\main\AndroidManifest.xml:46:235-340
	android:launchMode
		ADDED from src\main\AndroidManifest.xml:46:113-143
	android:configChanges
		ADDED from src\main\AndroidManifest.xml:46:19-112
	android:theme
		ADDED from src\main\AndroidManifest.xml:46:341-377
	android:name
		ADDED from src\main\AndroidManifest.xml:46:144-234
activity#com.applozic.mobicomkit.uiwidgets.conversation.activity.ChannelInfoActivity
ADDED from src\main\AndroidManifest.xml:47:9-49:20
	android:parentActivityName
		ADDED from src\main\AndroidManifest.xml:47:235-340
	android:launchMode
		ADDED from src\main\AndroidManifest.xml:47:113-143
	android:configChanges
		ADDED from src\main\AndroidManifest.xml:47:19-112
	android:theme
		ADDED from src\main\AndroidManifest.xml:47:341-377
	android:name
		ADDED from src\main\AndroidManifest.xml:47:144-234
activity#com.applozic.mobicomkit.uiwidgets.conversation.activity.MobiComAttachmentSelectorActivity
ADDED from src\main\AndroidManifest.xml:50:9-52:20
	android:parentActivityName
		ADDED from src\main\AndroidManifest.xml:50:249-354
	android:launchMode
		ADDED from src\main\AndroidManifest.xml:50:113-143
	android:windowSoftInputMode
		ADDED from src\main\AndroidManifest.xml:50:392-446
	android:configChanges
		ADDED from src\main\AndroidManifest.xml:50:19-112
	android:theme
		ADDED from src\main\AndroidManifest.xml:50:355-391
	android:name
		ADDED from src\main\AndroidManifest.xml:50:144-248
activity#com.applozic.mobicomkit.uiwidgets.conversation.activity.MobicomLocationActivity
ADDED from src\main\AndroidManifest.xml:53:9-396
	android:parentActivityName
		ADDED from src\main\AndroidManifest.xml:53:208-313
	android:windowSoftInputMode
		ADDED from src\main\AndroidManifest.xml:53:351-393
	android:configChanges
		ADDED from src\main\AndroidManifest.xml:53:19-112
	android:theme
		ADDED from src\main\AndroidManifest.xml:53:314-350
	android:name
		ADDED from src\main\AndroidManifest.xml:53:113-207
activity#com.theartofdev.edmodo.cropper.CropImageActivity
ADDED from src\main\AndroidManifest.xml:54:9-129
	android:theme
		ADDED from src\main\AndroidManifest.xml:54:83-126
	android:name
		ADDED from src\main\AndroidManifest.xml:54:19-82
service#com.applozic.mobicomkit.api.conversation.MessageIntentService
ADDED from src\main\AndroidManifest.xml:55:9-179
	android:exported
		ADDED from src\main\AndroidManifest.xml:55:18-42
	android:permission
		ADDED from src\main\AndroidManifest.xml:55:120-176
	android:name
		ADDED from src\main\AndroidManifest.xml:55:43-119
service#org.eclipse.paho.android.service.MqttService
ADDED from src\main\AndroidManifest.xml:56:9-80
	android:name
		ADDED from src\main\AndroidManifest.xml:56:18-77
service#com.applozic.mobicomkit.api.conversation.ApplozicIntentService
ADDED from src\main\AndroidManifest.xml:57:9-180
	android:exported
		ADDED from src\main\AndroidManifest.xml:57:18-42
	android:permission
		ADDED from src\main\AndroidManifest.xml:57:121-177
	android:name
		ADDED from src\main\AndroidManifest.xml:57:43-120
service#com.applozic.mobicomkit.api.conversation.ApplozicMqttIntentService
ADDED from src\main\AndroidManifest.xml:58:9-184
	android:exported
		ADDED from src\main\AndroidManifest.xml:58:18-42
	android:permission
		ADDED from src\main\AndroidManifest.xml:58:125-181
	android:name
		ADDED from src\main\AndroidManifest.xml:58:43-124
service#com.applozic.mobicomkit.api.people.UserIntentService
ADDED from src\main\AndroidManifest.xml:59:9-170
	android:exported
		ADDED from src\main\AndroidManifest.xml:59:18-42
	android:permission
		ADDED from src\main\AndroidManifest.xml:59:111-167
	android:name
		ADDED from src\main\AndroidManifest.xml:59:43-110
service#com.applozic.mobicomkit.api.conversation.ConversationIntentService
ADDED from src\main\AndroidManifest.xml:60:9-184
	android:exported
		ADDED from src\main\AndroidManifest.xml:60:18-42
	android:permission
		ADDED from src\main\AndroidManifest.xml:60:125-181
	android:name
		ADDED from src\main\AndroidManifest.xml:60:43-124
service#com.applozic.phonegap.notification.FcmListenerService
ADDED from src\main\AndroidManifest.xml:61:9-65:19
	android:name
		ADDED from src\main\AndroidManifest.xml:61:18-86
intent-filter#com.google.firebase.MESSAGING_EVENT
ADDED from src\main\AndroidManifest.xml:62:13-64:29
action#com.google.firebase.MESSAGING_EVENT
ADDED from src\main\AndroidManifest.xml:63:17-78
	android:name
		ADDED from src\main\AndroidManifest.xml:63:25-75
service#com.applozic.phonegap.notification.FcmInstanceIDListenerService
ADDED from src\main\AndroidManifest.xml:66:9-70:19
	android:exported
		ADDED from src\main\AndroidManifest.xml:66:18-42
	android:name
		ADDED from src\main\AndroidManifest.xml:66:43-121
intent-filter#com.google.firebase.INSTANCE_ID_EVENT
ADDED from src\main\AndroidManifest.xml:67:13-69:29
action#com.google.firebase.INSTANCE_ID_EVENT
ADDED from src\main\AndroidManifest.xml:68:17-80
	android:name
		ADDED from src\main\AndroidManifest.xml:68:25-77
receiver#com.applozic.mobicomkit.broadcast.TimeChangeBroadcastReceiver
ADDED from src\main\AndroidManifest.xml:71:9-76:20
	android:name
		ADDED from src\main\AndroidManifest.xml:71:19-95
intent-filter#android.intent.action.TIMEZONE_CHANGED+android.intent.action.TIME_SET
ADDED from src\main\AndroidManifest.xml:72:13-75:29
action#android.intent.action.TIME_SET
ADDED from src\main\AndroidManifest.xml:73:17-73
	android:name
		ADDED from src\main\AndroidManifest.xml:73:25-70
action#android.intent.action.TIMEZONE_CHANGED
ADDED from src\main\AndroidManifest.xml:74:17-81
	android:name
		ADDED from src\main\AndroidManifest.xml:74:25-78
receiver#com.applozic.mobicomkit.broadcast.ConnectivityReceiver
ADDED from src\main\AndroidManifest.xml:77:9-81:20
	android:enabled
		ADDED from src\main\AndroidManifest.xml:77:19-41
	android:exported
		ADDED from src\main\AndroidManifest.xml:77:42-65
	android:name
		ADDED from src\main\AndroidManifest.xml:77:66-135
intent-filter#android.intent.action.BOOT_COMPLETED
ADDED from src\main\AndroidManifest.xml:78:13-80:29
action#android.intent.action.BOOT_COMPLETED
ADDED from src\main\AndroidManifest.xml:79:17-79
	android:name
		ADDED from src\main\AndroidManifest.xml:79:25-76
service#com.google.android.gms.measurement.AppMeasurementService
ADDED from src\main\AndroidManifest.xml:82:9-140